<?xml version="1.0" encoding="UTF-8"?>
<coverage generated="1744994339502" clover="3.2.0">
  <project timestamp="1744994339502" name="All files">
    <metrics statements="25" coveredstatements="25" conditionals="17" coveredconditionals="17" methods="8" coveredmethods="8" elements="50" coveredelements="50" complexity="0" loc="25" ncloc="25" packages="1" files="1" classes="1"/>
    <file name="TripContext.mocks.ts" path="/Users/gunjan/Desktop/SWE/CarbOnTrack/Tests/Mocks/TripContext.mocks.ts">
      <metrics statements="25" coveredstatements="25" conditionals="17" coveredconditionals="17" methods="8" coveredmethods="8"/>
      <line num="6" count="4" type="cond" truecount="4" falsecount="0"/>
      <line num="7" count="2" type="stmt"/>
      <line num="8" count="2" type="stmt"/>
      <line num="9" count="2" type="stmt"/>
      <line num="10" count="2" type="stmt"/>
      <line num="13" count="2" type="stmt"/>
      <line num="14" count="2" type="stmt"/>
      <line num="18" count="4" type="cond" truecount="7" falsecount="0"/>
      <line num="25" count="2" type="cond" truecount="4" falsecount="0"/>
      <line num="26" count="1" type="stmt"/>
      <line num="30" count="3" type="stmt"/>
      <line num="31" count="3" type="stmt"/>
      <line num="42" count="2" type="stmt"/>
      <line num="43" count="2" type="stmt"/>
      <line num="44" count="2" type="stmt"/>
      <line num="52" count="1" type="stmt"/>
      <line num="59" count="1" type="stmt"/>
      <line num="78" count="1" type="stmt"/>
      <line num="79" count="1" type="stmt"/>
      <line num="80" count="1" type="stmt"/>
      <line num="88" count="1" type="stmt"/>
      <line num="89" count="1" type="stmt"/>
      <line num="91" count="1" type="stmt"/>
      <line num="92" count="1" type="stmt"/>
      <line num="94" count="1" type="stmt"/>
    </file>
  </project>
</coverage>
