{"/Users/gunjan/Desktop/SWE/CarbOnTrack/Tests/Mocks/TripContext.mocks.ts": {"path":"/Users/gunjan/Desktop/SWE/CarbOnTrack/Tests/Mocks/TripContext.mocks.ts","statementMap":{"0":{"start":{"line":3,"column":2},"end":{"line":3,"column":47}},"1":{"start":{"line":3,"column":38},"end":{"line":3,"column":47}},"2":{"start":{"line":4,"column":12},"end":{"line":4,"column":16}},"3":{"start":{"line":5,"column":15},"end":{"line":5,"column":44}},"4":{"start":{"line":6,"column":15},"end":{"line":6,"column":44}},"5":{"start":{"line":7,"column":12},"end":{"line":9,"column":35}},"6":{"start":{"line":10,"column":12},"end":{"line":10,"column":58}},"7":{"start":{"line":11,"column":2},"end":{"line":11,"column":15}},"8":{"start":{"line":15,"column":2},"end":{"line":18,"column":35}},"9":{"start":{"line":22,"column":2},"end":{"line":22,"column":45}},"10":{"start":{"line":22,"column":36},"end":{"line":22,"column":45}},"11":{"start":{"line":23,"column":2},"end":{"line":23,"column":59}},"12":{"start":{"line":27,"column":14},"end":{"line":27,"column":24}},"13":{"start":{"line":28,"column":2},"end":{"line":35,"column":4}},"14":{"start":{"line":39,"column":15},"end":{"line":39,"column":56}},"15":{"start":{"line":40,"column":15},"end":{"line":40,"column":98}},"16":{"start":{"line":41,"column":2},"end":{"line":45,"column":4}},"17":{"start":{"line":49,"column":2},"end":{"line":53,"column":4}}},"fnMap":{"0":{"name":"calculateDistance","decl":{"start":{"line":2,"column":16},"end":{"line":2,"column":33}},"loc":{"start":{"line":2,"column":98},"end":{"line":12,"column":1}},"line":2},"1":{"name":"isValidCoordinate","decl":{"start":{"line":14,"column":16},"end":{"line":14,"column":33}},"loc":{"start":{"line":14,"column":69},"end":{"line":19,"column":1}},"line":14},"2":{"name":"calculateEmissions","decl":{"start":{"line":21,"column":16},"end":{"line":21,"column":34}},"loc":{"start":{"line":21,"column":54},"end":{"line":24,"column":1}},"line":21},"3":{"name":"createNewTrip","decl":{"start":{"line":26,"column":16},"end":{"line":26,"column":29}},"loc":{"start":{"line":26,"column":50},"end":{"line":36,"column":1}},"line":26},"4":{"name":"handleActiveTripUpdate","decl":{"start":{"line":38,"column":16},"end":{"line":38,"column":38}},"loc":{"start":{"line":38,"column":68},"end":{"line":46,"column":1}},"line":38},"5":{"name":"selectTransportMode","decl":{"start":{"line":48,"column":16},"end":{"line":48,"column":35}},"loc":{"start":{"line":48,"column":63},"end":{"line":54,"column":1}},"line":48}},"branchMap":{"0":{"loc":{"start":{"line":3,"column":2},"end":{"line":3,"column":47}},"type":"if","locations":[{"start":{"line":3,"column":2},"end":{"line":3,"column":47}},{"start":{},"end":{}}],"line":3},"1":{"loc":{"start":{"line":3,"column":6},"end":{"line":3,"column":36}},"type":"binary-expr","locations":[{"start":{"line":3,"column":6},"end":{"line":3,"column":19}},{"start":{"line":3,"column":23},"end":{"line":3,"column":36}}],"line":3},"2":{"loc":{"start":{"line":15,"column":9},"end":{"line":18,"column":34}},"type":"binary-expr","locations":[{"start":{"line":15,"column":9},"end":{"line":15,"column":20}},{"start":{"line":15,"column":24},"end":{"line":15,"column":35}},{"start":{"line":16,"column":9},"end":{"line":16,"column":19}},{"start":{"line":16,"column":23},"end":{"line":16,"column":32}},{"start":{"line":17,"column":9},"end":{"line":17,"column":20}},{"start":{"line":17,"column":24},"end":{"line":17,"column":34}},{"start":{"line":18,"column":9},"end":{"line":18,"column":34}}],"line":15},"3":{"loc":{"start":{"line":18,"column":11},"end":{"line":18,"column":33}},"type":"binary-expr","locations":[{"start":{"line":18,"column":11},"end":{"line":18,"column":20}},{"start":{"line":18,"column":24},"end":{"line":18,"column":33}}],"line":18},"4":{"loc":{"start":{"line":22,"column":2},"end":{"line":22,"column":45}},"type":"if","locations":[{"start":{"line":22,"column":2},"end":{"line":22,"column":45}},{"start":{},"end":{}}],"line":22},"5":{"loc":{"start":{"line":22,"column":6},"end":{"line":22,"column":34}},"type":"binary-expr","locations":[{"start":{"line":22,"column":6},"end":{"line":22,"column":11}},{"start":{"line":22,"column":15},"end":{"line":22,"column":34}}],"line":22}},"s":{"0":3,"1":1,"2":2,"3":2,"4":2,"5":2,"6":2,"7":2,"8":4,"9":3,"10":2,"11":1,"12":2,"13":2,"14":1,"15":1,"16":1,"17":1},"f":{"0":3,"1":4,"2":3,"3":2,"4":1,"5":1},"b":{"0":[1,2],"1":[3,1],"2":[4,4,4,4,3,3,2],"3":[2,1],"4":[2,1],"5":[3,2]},"_coverageSchema":"1a1c01bbd47fc00a2c39e90264f33305004495a9","hash":"258821f7ca8dc81da3b53fe366a3e4e726082910"}
}
