{"/Users/gunjan/Desktop/SWE/CarbOnTrack/Tests/Mocks/TripContext.mocks.ts": {"path":"/Users/gunjan/Desktop/SWE/CarbOnTrack/Tests/Mocks/TripContext.mocks.ts","statementMap":{"0":{"start":{"line":6,"column":2},"end":{"line":6,"column":47}},"1":{"start":{"line":6,"column":38},"end":{"line":6,"column":47}},"2":{"start":{"line":7,"column":12},"end":{"line":7,"column":16}},"3":{"start":{"line":8,"column":15},"end":{"line":8,"column":44}},"4":{"start":{"line":9,"column":15},"end":{"line":9,"column":44}},"5":{"start":{"line":10,"column":12},"end":{"line":12,"column":35}},"6":{"start":{"line":13,"column":12},"end":{"line":13,"column":58}},"7":{"start":{"line":14,"column":2},"end":{"line":14,"column":15}},"8":{"start":{"line":18,"column":2},"end":{"line":21,"column":35}},"9":{"start":{"line":25,"column":2},"end":{"line":25,"column":45}},"10":{"start":{"line":25,"column":36},"end":{"line":25,"column":45}},"11":{"start":{"line":26,"column":2},"end":{"line":26,"column":59}},"12":{"start":{"line":30,"column":14},"end":{"line":30,"column":24}},"13":{"start":{"line":31,"column":2},"end":{"line":38,"column":4}},"14":{"start":{"line":42,"column":15},"end":{"line":42,"column":56}},"15":{"start":{"line":43,"column":15},"end":{"line":43,"column":98}},"16":{"start":{"line":44,"column":2},"end":{"line":48,"column":4}},"17":{"start":{"line":52,"column":2},"end":{"line":56,"column":4}},"18":{"start":{"line":59,"column":23},"end":{"line":99,"column":1}},"19":{"start":{"line":78,"column":2},"end":{"line":98,"column":4}},"20":{"start":{"line":79,"column":22},"end":{"line":79,"column":42}},"21":{"start":{"line":80,"column":30},"end":{"line":86,"column":5}},"22":{"start":{"line":88,"column":4},"end":{"line":88,"column":42}},"23":{"start":{"line":89,"column":4},"end":{"line":89,"column":28}},"24":{"start":{"line":91,"column":4},"end":{"line":91,"column":18}},"25":{"start":{"line":92,"column":4},"end":{"line":92,"column":31}},"26":{"start":{"line":94,"column":4},"end":{"line":97,"column":6}}},"fnMap":{"0":{"name":"calculateDistance","decl":{"start":{"line":5,"column":16},"end":{"line":5,"column":33}},"loc":{"start":{"line":5,"column":98},"end":{"line":15,"column":1}},"line":5},"1":{"name":"isValidCoordinate","decl":{"start":{"line":17,"column":16},"end":{"line":17,"column":33}},"loc":{"start":{"line":17,"column":69},"end":{"line":22,"column":1}},"line":17},"2":{"name":"calculateEmissions","decl":{"start":{"line":24,"column":16},"end":{"line":24,"column":34}},"loc":{"start":{"line":24,"column":54},"end":{"line":27,"column":1}},"line":24},"3":{"name":"createNewTrip","decl":{"start":{"line":29,"column":16},"end":{"line":29,"column":29}},"loc":{"start":{"line":29,"column":50},"end":{"line":39,"column":1}},"line":29},"4":{"name":"handleActiveTripUpdate","decl":{"start":{"line":41,"column":16},"end":{"line":41,"column":38}},"loc":{"start":{"line":41,"column":68},"end":{"line":49,"column":1}},"line":41},"5":{"name":"selectTransportMode","decl":{"start":{"line":51,"column":16},"end":{"line":51,"column":35}},"loc":{"start":{"line":51,"column":63},"end":{"line":57,"column":1}},"line":51},"6":{"name":"(anonymous_6)","decl":{"start":{"line":59,"column":23},"end":{"line":59,"column":24}},"loc":{"start":{"line":77,"column":6},"end":{"line":99,"column":1}},"line":77},"7":{"name":"(anonymous_7)","decl":{"start":{"line":78,"column":9},"end":{"line":78,"column":10}},"loc":{"start":{"line":78,"column":21},"end":{"line":98,"column":3}},"line":78}},"branchMap":{"0":{"loc":{"start":{"line":6,"column":2},"end":{"line":6,"column":47}},"type":"if","locations":[{"start":{"line":6,"column":2},"end":{"line":6,"column":47}},{"start":{},"end":{}}],"line":6},"1":{"loc":{"start":{"line":6,"column":6},"end":{"line":6,"column":36}},"type":"binary-expr","locations":[{"start":{"line":6,"column":6},"end":{"line":6,"column":19}},{"start":{"line":6,"column":23},"end":{"line":6,"column":36}}],"line":6},"2":{"loc":{"start":{"line":18,"column":9},"end":{"line":21,"column":34}},"type":"binary-expr","locations":[{"start":{"line":18,"column":9},"end":{"line":18,"column":20}},{"start":{"line":18,"column":24},"end":{"line":18,"column":35}},{"start":{"line":19,"column":9},"end":{"line":19,"column":19}},{"start":{"line":19,"column":23},"end":{"line":19,"column":32}},{"start":{"line":20,"column":9},"end":{"line":20,"column":20}},{"start":{"line":20,"column":24},"end":{"line":20,"column":34}},{"start":{"line":21,"column":9},"end":{"line":21,"column":34}}],"line":18},"3":{"loc":{"start":{"line":21,"column":11},"end":{"line":21,"column":33}},"type":"binary-expr","locations":[{"start":{"line":21,"column":11},"end":{"line":21,"column":20}},{"start":{"line":21,"column":24},"end":{"line":21,"column":33}}],"line":21},"4":{"loc":{"start":{"line":25,"column":2},"end":{"line":25,"column":45}},"type":"if","locations":[{"start":{"line":25,"column":2},"end":{"line":25,"column":45}},{"start":{},"end":{}}],"line":25},"5":{"loc":{"start":{"line":25,"column":6},"end":{"line":25,"column":34}},"type":"binary-expr","locations":[{"start":{"line":25,"column":6},"end":{"line":25,"column":11}},{"start":{"line":25,"column":15},"end":{"line":25,"column":34}}],"line":25}},"s":{"0":4,"1":2,"2":2,"3":2,"4":2,"5":2,"6":2,"7":2,"8":4,"9":2,"10":1,"11":1,"12":3,"13":3,"14":2,"15":2,"16":2,"17":1,"18":1,"19":1,"20":1,"21":1,"22":1,"23":1,"24":1,"25":1,"26":1},"f":{"0":4,"1":4,"2":2,"3":3,"4":2,"5":1,"6":1,"7":1},"b":{"0":[2,2],"1":[4,2],"2":[4,4,4,4,3,3,2],"3":[2,1],"4":[1,1],"5":[2,2]},"_coverageSchema":"1a1c01bbd47fc00a2c39e90264f33305004495a9","hash":"9007bdd089d3026e85d3946c296e1790b9c3ef53"}
}
