TN:
SF:Tests/Mocks/TripContext.mocks.ts
FN:5,calculateDistance
FN:17,isValidCoordinate
FN:24,calculateEmissions
FN:29,createNewTrip
FN:41,handleActiveTripUpdate
FN:51,selectTransportMode
FN:59,(anonymous_6)
FN:78,(anonymous_7)
FNF:8
FNH:8
FNDA:4,calculateDistance
FNDA:4,isValidCoordinate
FNDA:2,calculateEmissions
FNDA:3,createNewTrip
FNDA:2,handleActiveTripUpdate
FNDA:1,selectTransportMode
FNDA:1,(anonymous_6)
FNDA:1,(anonymous_7)
DA:6,4
DA:7,2
DA:8,2
DA:9,2
DA:10,2
DA:13,2
DA:14,2
DA:18,4
DA:25,2
DA:26,1
DA:30,3
DA:31,3
DA:42,2
DA:43,2
DA:44,2
DA:52,1
DA:59,1
DA:78,1
DA:79,1
DA:80,1
DA:88,1
DA:89,1
DA:91,1
DA:92,1
DA:94,1
LF:25
LH:25
BRDA:6,0,0,2
BRDA:6,0,1,2
BRDA:6,1,0,4
BRDA:6,1,1,2
BRDA:18,2,0,4
BRDA:18,2,1,4
BRDA:18,2,2,4
BRDA:18,2,3,4
BRDA:18,2,4,3
BRDA:18,2,5,3
BRDA:18,2,6,2
BRDA:21,3,0,2
BRDA:21,3,1,1
BRDA:25,4,0,1
BRDA:25,4,1,1
BRDA:25,5,0,2
BRDA:25,5,1,2
BRF:17
BRH:17
end_of_record
