TN:
SF:Tests/Mocks/TripContext.mocks.ts
FN:2,calculateDistance
FN:14,isValidCoordinate
FN:21,calculateEmissions
FN:26,createNewTrip
FN:38,handleActiveTripUpdate
FN:48,selectTransportMode
FNF:6
FNH:6
FNDA:3,calculateDistance
FNDA:4,isValidCoordinate
FNDA:3,calculateEmissions
FNDA:2,createNewTrip
FNDA:1,handleActiveTripUpdate
FNDA:1,selectTransportMode
DA:3,3
DA:4,2
DA:5,2
DA:6,2
DA:7,2
DA:10,2
DA:11,2
DA:15,4
DA:22,3
DA:23,1
DA:27,2
DA:28,2
DA:39,1
DA:40,1
DA:41,1
DA:49,1
LF:16
LH:16
BRDA:3,0,0,1
BRDA:3,0,1,2
BRDA:3,1,0,3
BRDA:3,1,1,1
BRDA:15,2,0,4
BRDA:15,2,1,4
BRDA:15,2,2,4
BRDA:15,2,3,4
BRDA:15,2,4,3
BRDA:15,2,5,3
BRDA:15,2,6,2
BRDA:18,3,0,2
BRDA:18,3,1,1
BRDA:22,4,0,2
BRDA:22,4,1,1
BRDA:22,5,0,3
BRDA:22,5,1,2
BRF:17
BRH:17
end_of_record
